{"D:\\web dev\\Microverse\\module 2\\Todo-List\\src\\modules\\removeTask.js": {"path":"D:\\web dev\\Microverse\\module 2\\Todo-List\\src\\modules\\removeTask.js","statementMap":{"0":{"start":{"line":1,"column":19},"end":{"line":4,"column":1}},"1":{"start":{"line":2,"column":20},"end":{"line":2,"column":50}},"2":{"start":{"line":3,"column":2},"end":{"line":3,"column":21}}},"fnMap":{"0":{"name":"(anonymous_0)","decl":{"start":{"line":1,"column":19},"end":{"line":1,"column":20}},"loc":{"start":{"line":1,"column":30},"end":{"line":4,"column":1}},"line":1}},"branchMap":{},"s":{"0":1,"1":1,"2":1},"f":{"0":1},"b":{},"_coverageSchema":"1a1c01bbd47fc00a2c39e90264f33305004495a9","hash":"752119f5161f729e971e6cc71b35514188e30240"}
,"D:\\web dev\\Microverse\\module 2\\Todo-List\\src\\modules\\storeTask.js": {"path":"D:\\web dev\\Microverse\\module 2\\Todo-List\\src\\modules\\storeTask.js","statementMap":{"0":{"start":{"line":1,"column":16},"end":{"line":9,"column":1}},"1":{"start":{"line":3,"column":2},"end":{"line":7,"column":3}},"2":{"start":{"line":4,"column":4},"end":{"line":4,"column":15}},"3":{"start":{"line":6,"column":4},"end":{"line":6,"column":53}},"4":{"start":{"line":8,"column":2},"end":{"line":8,"column":15}},"5":{"start":{"line":11,"column":20},"end":{"line":16,"column":1}},"6":{"start":{"line":12,"column":16},"end":{"line":12,"column":25}},"7":{"start":{"line":13,"column":2},"end":{"line":13,"column":19}},"8":{"start":{"line":14,"column":2},"end":{"line":14,"column":54}},"9":{"start":{"line":15,"column":2},"end":{"line":15,"column":15}},"10":{"start":{"line":18,"column":19},"end":{"line":26,"column":1}},"11":{"start":{"line":19,"column":16},"end":{"line":19,"column":25}},"12":{"start":{"line":20,"column":23},"end":{"line":20,"column":67}},"13":{"start":{"line":20,"column":46},"end":{"line":20,"column":66}},"14":{"start":{"line":21,"column":2},"end":{"line":23,"column":5}},"15":{"start":{"line":22,"column":4},"end":{"line":22,"column":23}},"16":{"start":{"line":24,"column":2},"end":{"line":24,"column":61}},"17":{"start":{"line":25,"column":2},"end":{"line":25,"column":27}},"18":{"start":{"line":28,"column":19},"end":{"line":33,"column":1}},"19":{"start":{"line":29,"column":16},"end":{"line":29,"column":25}},"20":{"start":{"line":30,"column":15},"end":{"line":30,"column":65}},"21":{"start":{"line":30,"column":40},"end":{"line":30,"column":64}},"22":{"start":{"line":31,"column":2},"end":{"line":31,"column":33}},"23":{"start":{"line":32,"column":2},"end":{"line":32,"column":54}},"24":{"start":{"line":35,"column":25},"end":{"line":35,"column":73}},"25":{"start":{"line":35,"column":41},"end":{"line":35,"column":73}},"26":{"start":{"line":37,"column":29},"end":{"line":40,"column":1}},"27":{"start":{"line":38,"column":15},"end":{"line":38,"column":85}},"28":{"start":{"line":39,"column":2},"end":{"line":39,"column":14}}},"fnMap":{"0":{"name":"(anonymous_0)","decl":{"start":{"line":1,"column":16},"end":{"line":1,"column":17}},"loc":{"start":{"line":1,"column":22},"end":{"line":9,"column":1}},"line":1},"1":{"name":"(anonymous_1)","decl":{"start":{"line":11,"column":20},"end":{"line":11,"column":21}},"loc":{"start":{"line":11,"column":30},"end":{"line":16,"column":1}},"line":11},"2":{"name":"(anonymous_2)","decl":{"start":{"line":18,"column":19},"end":{"line":18,"column":20}},"loc":{"start":{"line":18,"column":30},"end":{"line":26,"column":1}},"line":18},"3":{"name":"(anonymous_3)","decl":{"start":{"line":20,"column":36},"end":{"line":20,"column":37}},"loc":{"start":{"line":20,"column":46},"end":{"line":20,"column":66}},"line":20},"4":{"name":"(anonymous_4)","decl":{"start":{"line":21,"column":23},"end":{"line":21,"column":24}},"loc":{"start":{"line":21,"column":36},"end":{"line":23,"column":3}},"line":21},"5":{"name":"(anonymous_5)","decl":{"start":{"line":28,"column":19},"end":{"line":28,"column":20}},"loc":{"start":{"line":28,"column":43},"end":{"line":33,"column":1}},"line":28},"6":{"name":"(anonymous_6)","decl":{"start":{"line":30,"column":26},"end":{"line":30,"column":27}},"loc":{"start":{"line":30,"column":40},"end":{"line":30,"column":64}},"line":30},"7":{"name":"(anonymous_7)","decl":{"start":{"line":35,"column":25},"end":{"line":35,"column":26}},"loc":{"start":{"line":35,"column":41},"end":{"line":35,"column":73}},"line":35},"8":{"name":"(anonymous_8)","decl":{"start":{"line":37,"column":29},"end":{"line":37,"column":30}},"loc":{"start":{"line":37,"column":38},"end":{"line":40,"column":1}},"line":37}},"branchMap":{"0":{"loc":{"start":{"line":3,"column":2},"end":{"line":7,"column":3}},"type":"if","locations":[{"start":{"line":3,"column":2},"end":{"line":7,"column":3}},{"start":{"line":5,"column":9},"end":{"line":7,"column":3}}],"line":3},"1":{"loc":{"start":{"line":38,"column":15},"end":{"line":38,"column":85}},"type":"cond-expr","locations":[{"start":{"line":38,"column":43},"end":{"line":38,"column":80}},{"start":{"line":38,"column":83},"end":{"line":38,"column":85}}],"line":38}},"s":{"0":1,"1":1,"2":1,"3":0,"4":1,"5":1,"6":1,"7":1,"8":1,"9":1,"10":1,"11":0,"12":0,"13":0,"14":0,"15":0,"16":0,"17":0,"18":1,"19":0,"20":0,"21":0,"22":0,"23":0,"24":1,"25":1,"26":1,"27":1,"28":1},"f":{"0":1,"1":1,"2":0,"3":0,"4":0,"5":0,"6":0,"7":1,"8":1},"b":{"0":[1,0],"1":[1,0]},"_coverageSchema":"1a1c01bbd47fc00a2c39e90264f33305004495a9","hash":"9f380bf24684b651c86ca3340926f8956969dc66"}
}
